<?xml version="1.0" encoding="UTF-8"?>
<!-- Generated by org.testng.reporters.JUnitReportReporter -->
<testsuite hostname="Abhinav-PC" name="testscripts.HomePage_Test" tests="3" failures="0" timestamp="14 Dec 2016 04:46:52 GMT" time="175.046" errors="0">
  <testcase name="verifyLinksOnHomePage" time="47.909" classname="testscripts.HomePage_Test"/>
  <testcase name="verifyLinksPages" time="86.175" classname="testscripts.HomePage_Test"/>
  <testcase name="vrifyHomePage" time="40.962" classname="testscripts.HomePage_Test"/>
</testsuite> <!-- testscripts.HomePage_Test -->
