<?xml version="1.0" encoding="UTF-8"?>
<!-- Generated by org.testng.reporters.JUnitReportReporter -->
<testsuite hostname="Abhinav-PC" name="testscripts.TestLoginPage" tests="1" failures="0" timestamp="29 Nov 2016 10:53:11 GMT" time="19.358" errors="0">
  <testcase name="verifyLoginPage" time="19.358" classname="testscripts.TestLoginPage"/>
</testsuite> <!-- testscripts.TestLoginPage -->
