<?xml version="1.0" encoding="UTF-8"?>
<!-- Generated by org.testng.reporters.JUnitReportReporter -->
<testsuite hostname="Abhinav-PC" name="testscripts.LoginPage_Test" tests="2" failures="0" timestamp="15 Dec 2016 05:43:56 GMT" time="25.965" errors="0">
  <testcase name="verifyLoginPage" time="11.692" classname="testscripts.LoginPage_Test"/>
  <testcase name="fn_GetTimeStamps" time="14.273" classname="testscripts.LoginPage_Test"/>
</testsuite> <!-- testscripts.LoginPage_Test -->
